Build started 2013-12-08 오후 4:58:10.
     1>Project "C:\Users\USER\Desktop\TriTank\Tritank.vcxproj" on node 2 (build target(s)).
     1>InitializeBuildStatus:
         Creating "Debug\Tritank.unsuccessfulbuild" because "AlwaysCreate" was specified.
       ClCompile:
         C:\Program Files (x86)\Microsoft Visual Studio 10.0\VC\bin\CL.exe /c /I"C:\Users\zeng\David\Documents\Visual Studio 2008\Projects\Tritank\Tritank" /ZI /nologo /W3 /WX- /Od /Oy- /D WIN32 /D _DEBUG /D _WINDOWS /D _CRT_SECURE_NO_WARNINGS /D _MBCS /Gm /EHsc /RTC1 /MDd /GS /fp:precise /Zc:wchar_t /Zc:forScope /Fo"Debug\\" /Fd"Debug\vc100.pdb" /Gd /TP /analyze- /errorReport:prompt Main.cpp
         Main.cpp
     1>c:\users\user\desktop\tritank\main.cpp(1459): warning C4715: 'WndProc' : not all control paths return a value
       ResourceCompile:
         All outputs are up-to-date.
       ManifestResourceCompile:
         All outputs are up-to-date.
       Link:
         C:\Program Files (x86)\Microsoft Visual Studio 10.0\VC\bin\link.exe /ERRORREPORT:PROMPT /OUT:"C:\Users\USER\Desktop\TriTank\Debug\Tritank.exe" /INCREMENTAL /NOLOGO kernel32.lib user32.lib gdi32.lib winspool.lib comdlg32.lib advapi32.lib shell32.lib ole32.lib oleaut32.lib uuid.lib odbc32.lib odbccp32.lib /MANIFEST /ManifestFile:"Debug\Tritank.exe.intermediate.manifest" /MANIFESTUAC:"level='asInvoker' uiAccess='false'" /DEBUG /PDB:"C:\Users\USER\Desktop\TriTank\Debug\Tritank.pdb" /SUBSYSTEM:WINDOWS /TLBID:1 /DYNAMICBASE /NXCOMPAT /IMPLIB:"C:\Users\USER\Desktop\TriTank\Debug\Tritank.lib" /MACHINE:X86 Debug\Resources.res
         Debug\Tritank.exe.embed.manifest.res
         Debug\Main.obj
       Manifest:
         C:\Program Files (x86)\Microsoft SDKs\Windows\v7.0A\bin\mt.exe /nologo /verbose /out:"Debug\Tritank.exe.embed.manifest" /manifest Debug\Tritank.exe.intermediate.manifest
         All outputs are up-to-date.
       LinkEmbedManifest:
         All outputs are up-to-date.
         Tritank.vcxproj -> C:\Users\USER\Desktop\TriTank\Debug\Tritank.exe
       FinalizeBuildStatus:
         Deleting file "Debug\Tritank.unsuccessfulbuild".
         Touching "Debug\Tritank.lastbuildstate".
     1>Done Building Project "C:\Users\USER\Desktop\TriTank\Tritank.vcxproj" (build target(s)).

Build succeeded.

Time Elapsed 00:00:04.23
